<?xml version="1.0" encoding="UTF-8"?>
<!-- Generated by org.testng.reporters.JUnitReportReporter -->
<testsuite hostname="DESKTOP-R84G5BA" failures="0" tests="1" name="ExtentReposrtsTc.ExtentTc" time="1.176" errors="0" timestamp="2022-07-14T18:34:16 IST" skipped="0">
  <testcase classname="ExtentReposrtsTc.ExtentTc" name="ExtentDemo" time="1.176"/>
  <system-out/>
</testsuite> <!-- ExtentReposrtsTc.ExtentTc -->
