<?xml version="1.0" encoding="UTF-8"?>
<!-- Generated by org.testng.reporters.JUnitReportReporter -->
<testsuite hostname="DESKTOP-R84G5BA" failures="0" tests="1" name="Testng_Cases.NewTest" time="0.001" errors="0" timestamp="2022-07-12T12:28:01 IST" skipped="0">
  <testcase classname="Testng_Cases.NewTest" name="f" time="0.001"/>
  <system-out/>
</testsuite> <!-- Testng_Cases.NewTest -->
