<?xml version="1.0" encoding="UTF-8"?>
<!-- Generated by org.testng.reporters.JUnitReportReporter -->
<testsuite hostname="DESKTOP-R84G5BA" failures="0" tests="1" name="POM_TC.Gmail_Compose_Email" time="27.596" errors="0" timestamp="2022-07-10T14:40:04 IST" skipped="0">
  <testcase classname="POM_TC.Gmail_Compose_Email" name="test" time="27.596"/>
  <system-out/>
</testsuite> <!-- POM_TC.Gmail_Compose_Email -->
