<?xml version="1.0" encoding="UTF-8"?>
<!-- Generated by org.testng.reporters.JUnitReportReporter -->
<testsuite hostname="DESKTOP-R84G5BA" failures="0" tests="3" name="Testng_Cases.DataProviderExcel" time="96.221" errors="0" timestamp="2022-07-13T08:14:06 IST" skipped="0">
  <testcase classname="Testng_Cases.DataProviderExcel" name="sampleTest" time="13.380"/>
  <system-out/>
  <testcase classname="Testng_Cases.DataProviderExcel" name="loginTest" time="45.337"/>
  <system-out/>
  <testcase classname="Testng_Cases.DataProviderExcel" name="loginTest" time="37.504"/>
  <system-out/>
</testsuite> <!-- Testng_Cases.DataProviderExcel -->
