<?xml version="1.0" encoding="UTF-8"?>
<!-- Generated by org.testng.reporters.JUnitReportReporter -->
<testsuite hostname="DESKTOP-R84G5BA" failures="0" tests="4" name="Testng_Cases.Gmail_Login_tetng" time="8.056" errors="0" timestamp="2022-07-13T08:24:58 IST" skipped="0">
  <testcase classname="Testng_Cases.Gmail_Login_tetng" name="A" time="8.029"/>
  <system-out/>
  <testcase classname="Testng_Cases.Gmail_Login_tetng" name="getTheParameterValue" time="0.013"/>
  <system-out/>
  <testcase classname="Testng_Cases.Gmail_Login_tetng" name="myTest" time="0.002"/>
  <system-out/>
  <testcase classname="Testng_Cases.Gmail_Login_tetng" name="myTest" time="0.012"/>
  <system-out/>
</testsuite> <!-- Testng_Cases.Gmail_Login_tetng -->
