<?xml version="1.0" encoding="UTF-8"?>
<!-- Generated by org.testng.reporters.JUnitReportReporter -->
<testsuite hostname="DESKTOP-R84G5BA" failures="0" tests="3" name="Testng_Cases.Sample" time="14.439" errors="0" timestamp="2022-07-12T12:28:01 IST" skipped="1">
  <testcase classname="Testng_Cases.Sample" name="D" time="7.074"/>
  <system-out/>
  <testcase classname="Testng_Cases.Sample" name="h" time="7.365"/>
  <system-out/>
  <testcase classname="Testng_Cases.Sample" name="sample">
    <skipped/>
  </testcase> <!-- sample -->
  <system-out/>
</testsuite> <!-- Testng_Cases.Sample -->
